#
# There is insufficient memory for the Java Runtime Environment to continue.
# Native memory allocation (malloc) failed to allocate 35536 bytes for Chunk::new
# Possible reasons:
#   The system is out of physical RAM or swap space
#   In 32 bit mode, the process size limit was hit
# Possible solutions:
#   Reduce memory load on the system
#   Increase physical memory or swap space
#   Check if swap backing store is full
#   Use 64 bit Java on a 64 bit OS
#   Decrease Java heap size (-Xmx/-Xms)
#   Decrease number of Java threads
#   Decrease Java thread stack sizes (-Xss)
#   Set larger code cache with -XX:ReservedCodeCacheSize=
# This output file may be truncated or incomplete.
#
#  Out of Memory Error (allocation.cpp:390), pid=776, tid=0x0000000000002954
#
# JRE version: Java(TM) SE Runtime Environment (8.0_102-b14) (build 1.8.0_102-b14)
# Java VM: Java HotSpot(TM) 64-Bit Server VM (25.102-b14 mixed mode windows-amd64 compressed oops)
# Failed to write core dump. Minidumps are not enabled by default on client versions of Windows
#

---------------  T H R E A D  ---------------

Current thread (0x000000001748e800):  JavaThread "C2 CompilerThread0" daemon [_thread_in_native, id=10580, stack(0x0000000018ae0000,0x0000000018be0000)]

Stack: [0x0000000018ae0000,0x0000000018be0000]
[error occurred during error reporting (printing stack bounds), id 0xc0000005]

Native frames: (J=compiled Java code, j=interpreted, Vv=VM code, C=native code)


Current CompileTask:
C2:   1435  594       4       java.util.ArrayList::add (29 bytes)


---------------  P R O C E S S  ---------------

Java Threads: ( => current thread )
  0x0000000019864000 JavaThread "Thread-3" daemon [_thread_in_native, id=12772, stack(0x000000001a3e0000,0x000000001a4e0000)]
  0x0000000019817000 JavaThread "JavaFX-Launcher" [_thread_blocked, id=13040, stack(0x000000001a4e0000,0x000000001a5e0000)]
  0x00000000191d2000 JavaThread "JavaFX Application Thread" [_thread_in_Java, id=8972, stack(0x000000001a2e0000,0x000000001a3e0000)]
  0x00000000197f3000 JavaThread "Thread-1" daemon [_thread_blocked, id=11616, stack(0x000000001a1e0000,0x000000001a2e0000)]
  0x00000000191c7000 JavaThread "QuantumRenderer-0" daemon [_thread_blocked, id=1604, stack(0x0000000019fe0000,0x000000001a0e0000)]
  0x00000000174ee800 JavaThread "Service Thread" daemon [_thread_blocked, id=13764, stack(0x00000000191e0000,0x00000000192e0000)]
  0x0000000017495800 JavaThread "C1 CompilerThread2" daemon [_thread_blocked, id=7564, stack(0x0000000018ce0000,0x0000000018de0000)]
  0x0000000017492000 JavaThread "C2 CompilerThread1" daemon [_thread_blocked, id=8240, stack(0x0000000018be0000,0x0000000018ce0000)]
=>0x000000001748e800 JavaThread "C2 CompilerThread0" daemon [_thread_in_native, id=10580, stack(0x0000000018ae0000,0x0000000018be0000)]
  0x000000001748d000 JavaThread "Attach Listener" daemon [_thread_blocked, id=2168, stack(0x00000000189e0000,0x0000000018ae0000)]
  0x000000001748c000 JavaThread "Signal Dispatcher" daemon [_thread_blocked, id=2732, stack(0x00000000188e0000,0x00000000189e0000)]
  0x000000001747a800 JavaThread "Finalizer" daemon [_thread_blocked, id=13044, stack(0x00000000186e0000,0x00000000187e0000)]
  0x00000000032af800 JavaThread "Reference Handler" daemon [_thread_blocked, id=13176, stack(0x00000000185e0000,0x00000000186e0000)]
  0x00000000031c1000 JavaThread "main" [_thread_blocked, id=10528, stack(0x0000000002fe0000,0x00000000030e0000)]

Other Threads:
  0x0000000017458000 VMThread [stack: 0x00000000184e0000,0x00000000185e0000] [id=1660]
  0x0000000018e11000 WatcherThread [stack: 0x00000000196e0000,0x00000000197e0000] [id=9752]

VM state:not at safepoint (normal execution)

VM Mutex/Monitor currently owned by a thread: None

Heap:
 PSYoungGen      total 33280K, used 993K [0x00000000db400000, 0x00000000dd900000, 0x0000000100000000)
  eden space 28672K, 3% used [0x00000000db400000,0x00000000db4f87f0,0x00000000dd000000)
  from space 4608K, 0% used [0x00000000dd000000,0x00000000dd000000,0x00000000dd480000)
  to   space 4608K, 0% used [0x00000000dd480000,0x00000000dd480000,0x00000000dd900000)
 ParOldGen       total 54784K, used 2476K [0x0000000091c00000, 0x0000000095180000, 0x00000000db400000)
  object space 54784K, 4% used [0x0000000091c00000,0x0000000091e6b358,0x0000000095180000)
 Metaspace       used 9768K, capacity 10105K, committed 10368K, reserved 1062912K
  class space    used 1231K, capacity 1337K, committed 1408K, reserved 1048576K

Card table byte_map: [0x0000000012680000,0x0000000012a00000] byte_map_base: 0x00000000121f2000

Marking Bits: (ParMarkBitMap*) 0x000000007516a6c0
 Begin Bits: [0x0000000013050000, 0x0000000014be0000)
 End Bits:   [0x0000000014be0000, 0x0000000016770000)

Polling page: 0x0000000001660000

CodeCache: size=245760Kb used=2554Kb max_used=2554Kb free=243206Kb
 bounds [0x00000000032c0000, 0x0000000003540000, 0x00000000122c0000]
 total_blobs=1017 nmethods=631 adapters=298
 compilation: disabled (not enough contiguous free space left)

Compilation events (10 events):
Event: 1.386 Thread 0x000000001748e800 nmethod 593 0x00000000035156d0 code [0x0000000003515800, 0x00000000035158b8]
Event: 1.387 Thread 0x000000001748e800  594       4       java.util.ArrayList::add (29 bytes)
Event: 1.388 Thread 0x0000000017495800 nmethod 582 0x000000000351ce10 code [0x000000000351d120, 0x000000000351e988]
Event: 1.388 Thread 0x0000000017495800  591       3       com.sun.javafx.css.PseudoClassState::<init> (5 bytes)
Event: 1.388 Thread 0x0000000017495800 nmethod 591 0x0000000003515250 code [0x00000000035153c0, 0x00000000035155f0]
Event: 1.388 Thread 0x0000000017495800  583       3       java.lang.Long::bitCount (61 bytes)
Event: 1.388 Thread 0x0000000017495800 nmethod 583 0x0000000003514ed0 code [0x0000000003515020, 0x00000000035151d0]
Event: 1.388 Thread 0x0000000017495800  584       3       com.sun.javafx.css.PseudoClassState::getIndex (9 bytes)
Event: 1.388 Thread 0x0000000017495800 nmethod 584 0x000000000351f6d0 code [0x000000000351f840, 0x000000000351fb28]
Event: 1.388 Thread 0x0000000017495800  585       3       com.sun.javafx.css.PseudoClassState::getIndex (86 bytes)

GC Heap History (0 events):
No events

Deoptimization events (3 events):
Event: 1.132 Thread 0x00000000191d2000 Uncommon trap: reason=unstable_if action=reinterpret pc=0x00000000034942a8 method=java.lang.String.indexOf([CII[CIII)I @ 134
Event: 1.132 Thread 0x00000000191d2000 Uncommon trap: reason=unstable_if action=reinterpret pc=0x00000000034670d0 method=java.lang.String.replace(CC)Ljava/lang/String; @ 26
Event: 1.137 Thread 0x00000000191d2000 Uncommon trap: reason=unstable_if action=reinterpret pc=0x000000000347d20c method=java.lang.String.startsWith(Ljava/lang/String;I)Z @ 25

Internal exceptions (10 events):
Event: 0.116 Thread 0x00000000031c1000 Exception <a 'java/io/FileNotFoundException'> (0x00000000db45a5b0) thrown at [C:\re\workspace\8-2-build-windows-amd64-cygwin\jdk8u102\7268\hotspot\src\share\vm\prims\jni.cpp, line 709]
Event: 0.207 Thread 0x00000000031c1000 Exception <a 'java/lang/NoSuchFieldError': method resolution failed> (0x00000000db6141e8) thrown at [C:\re\workspace\8-2-build-windows-amd64-cygwin\jdk8u102\7268\hotspot\src\share\vm\prims\methodHandles.cpp, line 1146]
Event: 0.210 Thread 0x00000000031c1000 Exception <a 'java/lang/NoSuchFieldError': method resolution failed> (0x00000000db621538) thrown at [C:\re\workspace\8-2-build-windows-amd64-cygwin\jdk8u102\7268\hotspot\src\share\vm\prims\methodHandles.cpp, line 1146]
Event: 0.238 Thread 0x00000000031c1000 Exception <a 'java/security/PrivilegedActionException'> (0x00000000db6ac058) thrown at [C:\re\workspace\8-2-build-windows-amd64-cygwin\jdk8u102\7268\hotspot\src\share\vm\prims\jvm.cpp, line 1386]
Event: 0.238 Thread 0x00000000031c1000 Exception <a 'java/security/PrivilegedActionException'> (0x00000000db6ac268) thrown at [C:\re\workspace\8-2-build-windows-amd64-cygwin\jdk8u102\7268\hotspot\src\share\vm\prims\jvm.cpp, line 1386]
Event: 0.239 Thread 0x00000000031c1000 Exception <a 'java/security/PrivilegedActionException'> (0x00000000db6b0150) thrown at [C:\re\workspace\8-2-build-windows-amd64-cygwin\jdk8u102\7268\hotspot\src\share\vm\prims\jvm.cpp, line 1386]
Event: 0.239 Thread 0x00000000031c1000 Exception <a 'java/security/PrivilegedActionException'> (0x00000000db6b0360) thrown at [C:\re\workspace\8-2-build-windows-amd64-cygwin\jdk8u102\7268\hotspot\src\share\vm\prims\jvm.cpp, line 1386]
Event: 0.240 Thread 0x00000000031c1000 Exception <a 'java/lang/NullPointerException'> (0x00000000db6b0938) thrown at [C:\re\workspace\8-2-build-windows-amd64-cygwin\jdk8u102\7268\hotspot\src\share\vm\interpreter\linkResolver.cpp, line 1178]
Event: 1.193 Thread 0x00000000191d2000 Exception <a 'java/lang/NullPointerException'> (0x00000000dbf2e460) thrown at [C:\re\workspace\8-2-build-windows-amd64-cygwin\jdk8u102\7268\hotspot\src\share\vm\interpreter\linkResolver.cpp, line 1178]
Event: 1.193 Thread 0x00000000191d2000 Exception <a 'java/lang/NullPointerException'> (0x00000000dbf2e460) thrown at [C:\re\workspace\8-2-build-windows-amd64-cygwin\jdk8u102\7268\hotspot\src\share\vm\prims\jvm.cpp, line 1390]

Events (10 events):
Event: 1.376 loading class com/sun/javafx/collections/SetListenerHelper$SingleInvalidation
Event: 1.376 loading class com/sun/javafx/collections/SetListenerHelper$SingleInvalidation done
Event: 1.376 loading class com/sun/javafx/collections/SetListenerHelper$SingleChange
Event: 1.376 loading class com/sun/javafx/collections/SetListenerHelper$SingleChange done
Event: 1.377 loading class com/sun/javafx/css/Combinator
Event: 1.377 loading class com/sun/javafx/css/Combinator done
Event: 1.377 loading class com/sun/javafx/css/Combinator$1
Event: 1.377 loading class com/sun/javafx/css/Combinator$1 done
Event: 1.377 loading class com/sun/javafx/css/Combinator$2
Event: 1.377 loading class com/sun/javafx/css/Combinator$2 done


Dynamic libraries:
0x00007ff6b6910000 - 0x00007ff6b6947000 	C:\Program Files\Java\jdk1.8.0_102\jre\bin\java.exe
0x00007ffe09a40000 - 0x00007ffe09c1b000 	C:\WINDOWS\SYSTEM32\ntdll.dll
0x00007ffe09920000 - 0x00007ffe099ce000 	C:\WINDOWS\System32\KERNEL32.DLL
0x00007ffe06590000 - 0x00007ffe067d9000 	C:\WINDOWS\System32\KERNELBASE.dll
0x00007ffe07d10000 - 0x00007ffe07db1000 	C:\WINDOWS\System32\ADVAPI32.dll
0x00007ffe07a60000 - 0x00007ffe07afd000 	C:\WINDOWS\System32\msvcrt.dll
0x00007ffe07dc0000 - 0x00007ffe07e19000 	C:\WINDOWS\System32\sechost.dll
0x00007ffe07930000 - 0x00007ffe07a55000 	C:\WINDOWS\System32\RPCRT4.dll
0x00007ffe07bc0000 - 0x00007ffe07d0a000 	C:\WINDOWS\System32\USER32.dll
0x00007ffe05f60000 - 0x00007ffe05f7e000 	C:\WINDOWS\System32\win32u.dll
0x00007ffe098f0000 - 0x00007ffe09917000 	C:\WINDOWS\System32\GDI32.dll
0x00007ffe06250000 - 0x00007ffe063d8000 	C:\WINDOWS\System32\gdi32full.dll
0x00007ffe06490000 - 0x00007ffe0652a000 	C:\WINDOWS\System32\msvcp_win.dll
0x00007ffe06150000 - 0x00007ffe06246000 	C:\WINDOWS\System32\ucrtbase.dll
0x00007ffdfb810000 - 0x00007ffdfba77000 	C:\WINDOWS\WinSxS\amd64_microsoft.windows.common-controls_6595b64144ccf1df_6.0.15063.483_none_26002d27e7c744a2\COMCTL32.dll
0x00007ffe07060000 - 0x00007ffe07359000 	C:\WINDOWS\System32\combase.dll
0x00007ffe067e0000 - 0x00007ffe0684a000 	C:\WINDOWS\System32\bcryptPrimitives.dll
0x00007ffe08300000 - 0x00007ffe0832d000 	C:\WINDOWS\System32\IMM32.DLL
0x0000000076880000 - 0x0000000076951000 	C:\Program Files\Java\jdk1.8.0_102\jre\bin\msvcr100.dll
0x0000000074950000 - 0x00000000751ea000 	C:\Program Files\Java\jdk1.8.0_102\jre\bin\server\jvm.dll
0x00007ffe084a0000 - 0x00007ffe084a8000 	C:\WINDOWS\System32\PSAPI.DLL
0x00007ffdf6f70000 - 0x00007ffdf6f79000 	C:\WINDOWS\SYSTEM32\WSOCK32.dll
0x00007ffe03e00000 - 0x00007ffe03e23000 	C:\WINDOWS\SYSTEM32\WINMM.dll
0x00007ffe099d0000 - 0x00007ffe09a3c000 	C:\WINDOWS\System32\WS2_32.dll
0x00007ffe00e80000 - 0x00007ffe00e8a000 	C:\WINDOWS\SYSTEM32\VERSION.dll
0x00007ffe039f0000 - 0x00007ffe03a1b000 	C:\WINDOWS\SYSTEM32\WINMMBASE.dll
0x00007ffe06850000 - 0x00007ffe06899000 	C:\WINDOWS\System32\cfgmgr32.dll
0x0000000076830000 - 0x000000007683f000 	C:\Program Files\Java\jdk1.8.0_102\jre\bin\verify.dll
0x0000000076800000 - 0x0000000076829000 	C:\Program Files\Java\jdk1.8.0_102\jre\bin\java.dll
0x00000000767e0000 - 0x00000000767f6000 	C:\Program Files\Java\jdk1.8.0_102\jre\bin\zip.dll
0x00007ffe084b0000 - 0x00007ffe098e7000 	C:\WINDOWS\System32\SHELL32.dll
0x00007ffe07b10000 - 0x00007ffe07bba000 	C:\WINDOWS\System32\shcore.dll
0x00007ffe068a0000 - 0x00007ffe06f93000 	C:\WINDOWS\System32\windows.storage.dll
0x00007ffe07e80000 - 0x00007ffe07ed1000 	C:\WINDOWS\System32\shlwapi.dll
0x00007ffe05ed0000 - 0x00007ffe05ee1000 	C:\WINDOWS\System32\kernel.appcore.dll
0x00007ffe05f10000 - 0x00007ffe05f5c000 	C:\WINDOWS\System32\powrprof.dll
0x00007ffe05eb0000 - 0x00007ffe05ec5000 	C:\WINDOWS\System32\profapi.dll
0x00007ffde5920000 - 0x00007ffde5a0f000 	C:\Program Files\Java\jdk1.8.0_102\jre\bin\msvcr120.dll
0x00007ffde5870000 - 0x00007ffde5916000 	C:\Program Files\Java\jdk1.8.0_102\jre\bin\msvcp120.dll
0x00000000738f0000 - 0x0000000073912000 	C:\Program Files\Java\jdk1.8.0_102\jre\bin\prism_d3d.dll
0x00007ffdd3b80000 - 0x00007ffdd3d09000 	C:\WINDOWS\system32\d3d9.dll
0x00007ffe01fd0000 - 0x00007ffe01ffa000 	C:\WINDOWS\SYSTEM32\dwmapi.dll
0x00007ffe04610000 - 0x00007ffe046a5000 	C:\WINDOWS\system32\uxtheme.dll
0x00007ffdce9f0000 - 0x00007ffdcf45e000 	C:\WINDOWS\SYSTEM32\igdumdim64.dll
0x00007ffdfc450000 - 0x00007ffdfc8af000 	C:\WINDOWS\SYSTEM32\igdusc64.dll
0x00000000738a0000 - 0x00000000738e3000 	C:\Program Files\Java\jdk1.8.0_102\jre\bin\glass.dll
0x00007ffe07820000 - 0x00007ffe07928000 	C:\WINDOWS\System32\COMDLG32.dll
0x00007ffe08010000 - 0x00007ffe08155000 	C:\WINDOWS\System32\ole32.dll
0x00007ffe06fa0000 - 0x00007ffe07060000 	C:\WINDOWS\System32\OLEAUT32.dll
0x00007ffe08330000 - 0x00007ffe08496000 	C:\WINDOWS\System32\MSCTF.dll

VM Arguments:
jvm_args: -Dfile.encoding=UTF-8 
java_command: C:\Users\SAMSUNG\Documents\NetBeansProjects\TCC-FATEC_2017-PAVG\dist\run1515765279\TCC-FATEC_2017-PAVG.jar
java_class_path (initial): C:\Users\SAMSUNG\Documents\NetBeansProjects\TCC-FATEC_2017-PAVG\dist\run1515765279\TCC-FATEC_2017-PAVG.jar
Launcher Type: SUN_STANDARD

Environment Variables:
JAVA_HOME=C:\Program Files\Java\jdk1.8.0_102
PATH=C:\ProgramData\Oracle\Java\javapath;C:\Program Files (x86)\Intel\iCLS Client\;C:\Program Files\Intel\iCLS Client\;C:\WINDOWS\system32;C:\WINDOWS;C:\WINDOWS\System32\Wbem;C:\WINDOWS\System32\WindowsPowerShell\v1.0\;C:\Program Files (x86)\NVIDIA Corporation\PhysX\Common;C:\Program Files (x86)\Intel\Intel(R) Management Engine Components\DAL;C:\Program Files\Intel\Intel(R) Management Engine Components\DAL;C:\Program Files (x86)\Intel\Intel(R) Management Engine Components\IPT;C:\Program Files\Intel\Intel(R) Management Engine Components\IPT;C:\Program Files (x86)\GtkSharp\2.12\bin;C:\WINDOWS\system32;C:\WINDOWS;C:\WINDOWS\System32\Wbem;C:\WINDOWS\System32\WindowsPowerShell\v1.0\;C:\Program Files (x86)\Skype\Phone\;C:\Program Files\Git\cmd;C:\Program Files\nodejs\;C:\Program Files\Microsoft SQL Server\130\Tools\Binn\;C:\Program Files\dotnet\;C:\Program Files\Java\jdk1.8.0_102\bin;C:\AndroidTools\tools\bin;C:\AndroidTools\tools;C:\AndroidTools\apache-ant-1.10.1\bin;C:\AndroidTools\platform-tools;C:\Users\SAMSUNG\AppData\Roaming\npm;
USERNAME=SAMSUNG
OS=Windows_NT
PROCESSOR_IDENTIFIER=Intel64 Family 6 Model 58 Stepping 9, GenuineIntel



---------------  S Y S T E M  ---------------

OS: Windows 10.0 , 64 bit Build 15063 (10.0.15063.296)

CPU:total 4 (2 cores per cpu, 2 threads per core) family 6 model 58 stepping 9, cmov, cx8, fxsr, mmx, sse, sse2, sse3, ssse3, sse4.1, sse4.2, popcnt, avx, clmul, erms, ht, tsc, tscinvbit, tscinv

Memory: 4k page, physical 7223396k(634648k free), swap 7223396k(23752k free)

vm_info: Java HotSpot(TM) 64-Bit Server VM (25.102-b14) for windows-amd64 JRE (1.8.0_102-b14), built on Jun 22 2016 13:15:21 by "java_re" with MS VC++ 10.0 (VS2010)

time: Thu Sep 07 23:07:19 2017
elapsed time: 1 seconds (0d 0h 0m 1s)

