#
# There is insufficient memory for the Java Runtime Environment to continue.
# Native memory allocation (malloc) failed to allocate 1048576 bytes for AllocateHeap
# Possible reasons:
#   The system is out of physical RAM or swap space
#   In 32 bit mode, the process size limit was hit
# Possible solutions:
#   Reduce memory load on the system
#   Increase physical memory or swap space
#   Check if swap backing store is full
#   Use 64 bit Java on a 64 bit OS
#   Decrease Java heap size (-Xmx/-Xms)
#   Decrease number of Java threads
#   Decrease Java thread stack sizes (-Xss)
#   Set larger code cache with -XX:ReservedCodeCacheSize=
# This output file may be truncated or incomplete.
#
#  Out of Memory Error (memory/allocation.inline.hpp:61), pid=10216, tid=0x0000000000001d98
#
# JRE version:  (8.0_102-b14) (build )
# Java VM: Java HotSpot(TM) 64-Bit Server VM (25.102-b14 mixed mode windows-amd64 compressed oops)
# Failed to write core dump. Minidumps are not enabled by default on client versions of Windows
#

---------------  T H R E A D  ---------------

Current thread (0x0000000002c31000):  JavaThread "Unknown thread" [_thread_in_vm, id=7576, stack(0x0000000002a50000,0x0000000002b50000)]

Stack: [0x0000000002a50000,0x0000000002b50000]
[error occurred during error reporting (printing stack bounds), id 0xc0000005]

Native frames: (J=compiled Java code, j=interpreted, Vv=VM code, C=native code)


---------------  P R O C E S S  ---------------

Java Threads: ( => current thread )

Other Threads:

=>0x0000000002c31000 (exited) JavaThread "Unknown thread" [_thread_in_vm, id=7576, stack(0x0000000002a50000,0x0000000002b50000)]

VM state:not at safepoint (normal execution)

VM Mutex/Monitor currently owned by a thread: None

Heap:
 PSYoungGen      total 33280K, used 573K [0x00000000db400000, 0x00000000dd900000, 0x0000000100000000)
  eden space 28672K, 2% used [0x00000000db400000,0x00000000db48f5d0,0x00000000dd000000)
  from space 4608K, 0% used [0x00000000dd480000,0x00000000dd480000,0x00000000dd900000)
  to   space 4608K, 0% used [0x00000000dd000000,0x00000000dd000000,0x00000000dd480000)
 ParOldGen       total 76800K, used 0K [0x0000000091c00000, 0x0000000096700000, 0x00000000db400000)
  object space 76800K, 0% used [0x0000000091c00000,0x0000000091c00000,0x0000000096700000)
 Metaspace       used 770K, capacity 4480K, committed 4480K, reserved 1056768K
  class space    used 75K, capacity 384K, committed 384K, reserved 1048576K

Card table byte_map: [0x00000000120f0000,0x0000000012470000] byte_map_base: 0x0000000011c62000

Marking Bits: (ParMarkBitMap*) 0x000000007516a6c0
 Begin Bits: [0x0000000012ac0000, 0x0000000014650000)
 End Bits:   [0x0000000014650000, 0x00000000161e0000)

Polling page: 0x0000000000c70000

CodeCache: size=245760Kb used=328Kb max_used=328Kb free=245431Kb
 bounds [0x0000000002d30000, 0x0000000002fa0000, 0x0000000011d30000]
 total_blobs=58 nmethods=0 adapters=38
 compilation: enabled

Compilation events (0 events):
No events

GC Heap History (0 events):
No events

Deoptimization events (0 events):
No events

Internal exceptions (0 events):
No events

Events (10 events):
Event: 0.131 loading class java/lang/Short
Event: 0.131 loading class java/lang/Short done
Event: 0.131 loading class java/lang/Integer
Event: 0.132 loading class java/lang/Integer done
Event: 0.132 loading class java/lang/Long
Event: 0.132 loading class java/lang/Long done
Event: 0.133 loading class java/lang/NullPointerException
Event: 0.133 loading class java/lang/NullPointerException done
Event: 0.133 loading class java/lang/ArithmeticException
Event: 0.133 loading class java/lang/ArithmeticException done


Dynamic libraries:
0x00007ff75b570000 - 0x00007ff75b5a7000 	C:\Program Files\Java\jdk1.8.0_102\jre\bin\java.exe
0x00007ffe09a40000 - 0x00007ffe09c1b000 	C:\WINDOWS\SYSTEM32\ntdll.dll
0x00007ffe09920000 - 0x00007ffe099ce000 	C:\WINDOWS\System32\KERNEL32.DLL
0x00007ffe06590000 - 0x00007ffe067d9000 	C:\WINDOWS\System32\KERNELBASE.dll
0x00007ffe07d10000 - 0x00007ffe07db1000 	C:\WINDOWS\System32\ADVAPI32.dll
0x00007ffe07a60000 - 0x00007ffe07afd000 	C:\WINDOWS\System32\msvcrt.dll
0x00007ffe07dc0000 - 0x00007ffe07e19000 	C:\WINDOWS\System32\sechost.dll
0x00007ffe07930000 - 0x00007ffe07a55000 	C:\WINDOWS\System32\RPCRT4.dll
0x00007ffe07bc0000 - 0x00007ffe07d0a000 	C:\WINDOWS\System32\USER32.dll
0x00007ffe05f60000 - 0x00007ffe05f7e000 	C:\WINDOWS\System32\win32u.dll
0x00007ffe098f0000 - 0x00007ffe09917000 	C:\WINDOWS\System32\GDI32.dll
0x00007ffe06250000 - 0x00007ffe063d8000 	C:\WINDOWS\System32\gdi32full.dll
0x00007ffe06490000 - 0x00007ffe0652a000 	C:\WINDOWS\System32\msvcp_win.dll
0x00007ffe06150000 - 0x00007ffe06246000 	C:\WINDOWS\System32\ucrtbase.dll
0x00007ffdfb810000 - 0x00007ffdfba77000 	C:\WINDOWS\WinSxS\amd64_microsoft.windows.common-controls_6595b64144ccf1df_6.0.15063.483_none_26002d27e7c744a2\COMCTL32.dll
0x00007ffe07060000 - 0x00007ffe07359000 	C:\WINDOWS\System32\combase.dll
0x00007ffe067e0000 - 0x00007ffe0684a000 	C:\WINDOWS\System32\bcryptPrimitives.dll
0x00007ffe08300000 - 0x00007ffe0832d000 	C:\WINDOWS\System32\IMM32.DLL
0x0000000074870000 - 0x0000000074941000 	C:\Program Files\Java\jdk1.8.0_102\jre\bin\msvcr100.dll
0x0000000074950000 - 0x00000000751ea000 	C:\Program Files\Java\jdk1.8.0_102\jre\bin\server\jvm.dll
0x00007ffe084a0000 - 0x00007ffe084a8000 	C:\WINDOWS\System32\PSAPI.DLL
0x00007ffe03e00000 - 0x00007ffe03e23000 	C:\WINDOWS\SYSTEM32\WINMM.dll
0x00007ffe00e80000 - 0x00007ffe00e8a000 	C:\WINDOWS\SYSTEM32\VERSION.dll
0x00007ffdf6f70000 - 0x00007ffdf6f79000 	C:\WINDOWS\SYSTEM32\WSOCK32.dll
0x00007ffe099d0000 - 0x00007ffe09a3c000 	C:\WINDOWS\System32\WS2_32.dll
0x00007ffe039f0000 - 0x00007ffe03a1b000 	C:\WINDOWS\SYSTEM32\WINMMBASE.dll
0x00007ffe06850000 - 0x00007ffe06899000 	C:\WINDOWS\System32\cfgmgr32.dll
0x0000000074820000 - 0x000000007482f000 	C:\Program Files\Java\jdk1.8.0_102\jre\bin\verify.dll
0x00000000747f0000 - 0x0000000074819000 	C:\Program Files\Java\jdk1.8.0_102\jre\bin\java.dll
0x00000000747d0000 - 0x00000000747e6000 	C:\Program Files\Java\jdk1.8.0_102\jre\bin\zip.dll

VM Arguments:
jvm_args: -Dfile.encoding=UTF-8 
java_command: C:\Users\SAMSUNG\Documents\NetBeansProjects\TCC-FATEC_2017-PAVG\dist\run1650897206\TCC-FATEC_2017-PAVG.jar
java_class_path (initial): C:\Users\SAMSUNG\Documents\NetBeansProjects\TCC-FATEC_2017-PAVG\dist\run1650897206\TCC-FATEC_2017-PAVG.jar
Launcher Type: SUN_STANDARD

Environment Variables:
JAVA_HOME=C:\Program Files\Java\jdk1.8.0_102
PATH=C:\ProgramData\Oracle\Java\javapath;C:\Program Files (x86)\Intel\iCLS Client\;C:\Program Files\Intel\iCLS Client\;C:\WINDOWS\system32;C:\WINDOWS;C:\WINDOWS\System32\Wbem;C:\WINDOWS\System32\WindowsPowerShell\v1.0\;C:\Program Files (x86)\NVIDIA Corporation\PhysX\Common;C:\Program Files (x86)\Intel\Intel(R) Management Engine Components\DAL;C:\Program Files\Intel\Intel(R) Management Engine Components\DAL;C:\Program Files (x86)\Intel\Intel(R) Management Engine Components\IPT;C:\Program Files\Intel\Intel(R) Management Engine Components\IPT;C:\Program Files (x86)\GtkSharp\2.12\bin;C:\WINDOWS\system32;C:\WINDOWS;C:\WINDOWS\System32\Wbem;C:\WINDOWS\System32\WindowsPowerShell\v1.0\;C:\Program Files (x86)\Skype\Phone\;C:\Program Files\Git\cmd;C:\Program Files\nodejs\;C:\Program Files\Microsoft SQL Server\130\Tools\Binn\;C:\Program Files\dotnet\;C:\Program Files\Java\jdk1.8.0_102\bin;C:\AndroidTools\tools\bin;C:\AndroidTools\tools;C:\AndroidTools\apache-ant-1.10.1\bin;C:\AndroidTools\platform-tools;C:\Users\SAMSUNG\AppData\Roaming\npm;
USERNAME=SAMSUNG
OS=Windows_NT
PROCESSOR_IDENTIFIER=Intel64 Family 6 Model 58 Stepping 9, GenuineIntel



---------------  S Y S T E M  ---------------

OS: Windows 10.0 , 64 bit Build 15063 (10.0.15063.296)

CPU:total 4 (2 cores per cpu, 2 threads per core) family 6 model 58 stepping 9, cmov, cx8, fxsr, mmx, sse, sse2, sse3, ssse3, sse4.1, sse4.2, popcnt, avx, clmul, erms, ht, tsc, tscinvbit, tscinv

Memory: 4k page, physical 7223396k(924040k free), swap 7223396k(6560k free)

vm_info: Java HotSpot(TM) 64-Bit Server VM (25.102-b14) for windows-amd64 JRE (1.8.0_102-b14), built on Jun 22 2016 13:15:21 by "java_re" with MS VC++ 10.0 (VS2010)

time: Sun Sep 10 20:58:24 2017
elapsed time: 0 seconds (0d 0h 0m 0s)

